[2021-11-04 10:18:34.150574] MIX.DEBUG: SQL: 1.31ms SELECT * FROM User_Pool WHERE token = ? [""] 0 [] []
[2021-11-04 10:18:53.064043] MIX.DEBUG: SQL: 1.83ms SELECT * FROM User_Pool WHERE token = ? ["a1vagoo58pb6u211031111839"] 1 [] []
[2021-11-04 10:20:27.932603] MIX.DEBUG: SQL: 1.35ms SELECT * FROM User_Pool WHERE token = ? ["a1vagoo58pb6u211031111839"] 1 [] []
[2021-11-04 10:20:27.933385] MIX.ERROR: Call to undefined method App\Controller\Base::check_notebookid_exist() in /var/www/api-project/src/Controller/Note.php on line 25 [] []
[2021-11-04 10:21:24.060945] MIX.ERROR: Access level to App\Controller\Notebook::check_notebook_exist() must be public (as in class App\Controller\Base) in /var/www/api-project/src/Controller/Notebook.php on line 307 in /var/www/api-project/src/Error.php on line 50 [] []
[2021-11-04 10:21:37.707785] MIX.DEBUG: SQL: 1.66ms SELECT * FROM User_Pool WHERE token = ? ["a1vagoo58pb6u211031111839"] 1 [] []
[2021-11-04 10:21:37.708448] MIX.ERROR: Cannot access parent:: when current class scope has no parent in /var/www/api-project/src/Controller/Base.php on line 186 [] []
[2021-11-04 10:22:35.074794] MIX.DEBUG: SQL: 2.19ms SELECT * FROM User_Pool WHERE token = ? ["a1vagoo58pb6u211031111839"] 1 [] []
[2021-11-04 10:22:35.075604] MIX.ERROR: Cannot access parent:: when current class scope has no parent in /var/www/api-project/src/Controller/Base.php on line 186 [] []
[2021-11-04 10:23:23.073701] MIX.DEBUG: SQL: 1.42ms SELECT * FROM User_Pool WHERE token = ? ["a1vagoo58pb6u211031111839"] 1 [] []
[2021-11-04 10:23:23.076507] MIX.DEBUG: SQL: 1.45ms SELECT * FROM User_Pool WHERE token = ? ["a1vagoo58pb6u211031111839"] 1 [] []
[2021-11-04 10:23:23.078021] MIX.DEBUG: SQL: 1.07ms SELECT * FROM User_1_Notebooks WHERE uuid = ? ["a1vagoo58pb6u211031111839"] 0 [] []
[2021-11-04 10:23:40.756274] MIX.DEBUG: SQL: 1.4ms SELECT * FROM User_Pool WHERE token = ? ["a1vagoo58pb6u211031111839"] 1 [] []
[2021-11-04 10:23:40.758290] MIX.DEBUG: SQL: 1.29ms SELECT * FROM User_Pool WHERE token = ? ["a1vagoo58pb6u211031111839"] 1 [] []
[2021-11-04 10:23:40.759686] MIX.DEBUG: SQL: 0.99ms SELECT * FROM User_1_Notebooks WHERE uuid = ? ["a1vagoo58pb6u211031111839"] 1 [] []
[2021-11-04 10:23:40.761255] MIX.DEBUG: SQL: 1.17ms SELECT * FROM User_Pool WHERE token = ? ["a1vagoo58pb6u211031111839"] 1 [] []
[2021-11-04 10:23:40.762587] MIX.DEBUG: SQL: 0.93ms SELECT * FROM User_1_Notebooks [] 1 [] []
[2021-11-04 10:23:40.762920] MIX.NOTICE: Undefined property: stdClass::$notebook in /var/www/api-project/src/Controller/Note.php on line 37 in /var/www/api-project/src/Error.php on line 39 [] []
[2021-11-04 10:23:40.763069] MIX.NOTICE: Undefined property: stdClass::$tags in /var/www/api-project/src/Controller/Note.php on line 40 in /var/www/api-project/src/Error.php on line 39 [] []
[2021-11-04 10:23:40.763206] MIX.NOTICE: Undefined property: stdClass::$content in /var/www/api-project/src/Controller/Note.php on line 41 in /var/www/api-project/src/Error.php on line 39 [] []
[2021-11-04 10:23:40.763343] MIX.NOTICE: Undefined property: stdClass::$ismarkdown in /var/www/api-project/src/Controller/Note.php on line 42 in /var/www/api-project/src/Error.php on line 39 [] []
[2021-11-04 10:23:40.763478] MIX.NOTICE: Undefined property: stdClass::$istrash in /var/www/api-project/src/Controller/Note.php on line 44 in /var/www/api-project/src/Error.php on line 39 [] []
[2021-11-04 10:23:40.763614] MIX.NOTICE: Undefined property: stdClass::$files in /var/www/api-project/src/Controller/Note.php on line 45 in /var/www/api-project/src/Error.php on line 39 [] []
[2021-11-04 10:23:40.764220] MIX.DEBUG: GET|http://192.168.1.10:8000/api/note/getNotes?token=a1vagoo58pb6u211031111839&notebookId=a1vagoo58pb6u211031111839?token=a1vagoo58pb6u211031111839&notebookId=a1vagoo58pb6u211031111839|200| [] []
[2021-11-04 10:25:17.736031] MIX.DEBUG: SQL: 1.28ms SELECT * FROM User_Pool WHERE token = ? ["a1vagoo58pb6u211031111839"] 1 [] []
[2021-11-04 10:25:17.738889] MIX.DEBUG: SQL: 2.02ms SELECT * FROM User_Pool WHERE token = ? ["a1vagoo58pb6u211031111839"] 1 [] []
[2021-11-04 10:25:17.740808] MIX.DEBUG: SQL: 1.13ms SELECT * FROM User_1_Notebooks WHERE uuid = ? ["a1vagoo58pb6u211031111839"] 1 [] []
[2021-11-04 10:25:17.742364] MIX.DEBUG: SQL: 1.1ms SELECT * FROM User_Pool WHERE token = ? ["a1vagoo58pb6u211031111839"] 1 [] []
[2021-11-04 10:25:17.744590] MIX.DEBUG: SQL: 1.84ms SELECT * FROM User_1_Note [] 0 [] []
[2021-11-04 10:25:17.744903] MIX.ERROR: SQLSTATE[42S02]: Base table or view not found: 1146 Table 'leanote.User_1_Note' doesn't exist in /var/www/api-project/vendor/mix/database/src/AbstractConnection.php on line 194 [] []
[2021-11-04 10:25:33.301408] MIX.DEBUG: SQL: 1.2ms SELECT * FROM User_Pool WHERE token = ? ["a1vagoo58pb6u211031111839"] 1 [] []
[2021-11-04 10:25:33.303314] MIX.DEBUG: SQL: 1.25ms SELECT * FROM User_Pool WHERE token = ? ["a1vagoo58pb6u211031111839"] 1 [] []
[2021-11-04 10:25:33.304844] MIX.DEBUG: SQL: 1.05ms SELECT * FROM User_1_Notebooks WHERE uuid = ? ["a1vagoo58pb6u211031111839"] 1 [] []
[2021-11-04 10:25:33.306355] MIX.DEBUG: SQL: 1.08ms SELECT * FROM User_Pool WHERE token = ? ["a1vagoo58pb6u211031111839"] 1 [] []
[2021-11-04 10:25:33.307728] MIX.DEBUG: SQL: 0.97ms SELECT * FROM User_1_Notes [] 1 [] []
[2021-11-04 10:25:33.308486] MIX.DEBUG: GET|http://192.168.1.10:8000/api/note/getNotes?token=a1vagoo58pb6u211031111839&notebookId=a1vagoo58pb6u211031111839?token=a1vagoo58pb6u211031111839&notebookId=a1vagoo58pb6u211031111839|200| [] []
[2021-11-04 10:30:00.351615] MIX.DEBUG: SQL: 1.19ms SELECT * FROM User_Pool WHERE token = ? ["a1vagoo58pb6u211031111839"] 1 [] []
[2021-11-04 10:30:00.353645] MIX.DEBUG: SQL: 1.25ms SELECT * FROM User_Pool WHERE token = ? ["a1vagoo58pb6u211031111839"] 1 [] []
[2021-11-04 10:30:00.355181] MIX.DEBUG: SQL: 1.12ms SELECT * FROM User_1_Notebooks WHERE uuid = ? ["a1vagoo58pb6u211031111839"] 1 [] []
[2021-11-04 10:30:00.356740] MIX.DEBUG: SQL: 1.12ms SELECT * FROM User_Pool WHERE token = ? ["a1vagoo58pb6u211031111839"] 1 [] []
[2021-11-04 10:30:00.358465] MIX.DEBUG: SQL: 1.24ms SELECT * FROM User_1_Notes [] 1 [] []
[2021-11-04 10:30:00.359338] MIX.DEBUG: GET|http://192.168.1.10:8000/api/note/getNotes?token=a1vagoo58pb6u211031111839&notebookId=a1vagoo58pb6u211031111839?token=a1vagoo58pb6u211031111839&notebookId=a1vagoo58pb6u211031111839|200| [] []
[2021-11-04 10:30:51.601711] MIX.DEBUG: SQL: 1.85ms SELECT * FROM User_Pool WHERE token = ? ["a1vagoo58pb6u211031111839"] 1 [] []
[2021-11-04 10:30:51.604291] MIX.DEBUG: SQL: 1.74ms SELECT * FROM User_Pool WHERE token = ? ["a1vagoo58pb6u211031111839"] 1 [] []
[2021-11-04 10:30:51.605746] MIX.DEBUG: GET|http://192.168.1.10:8000/api/user/getSyncState?macAddr=30-9C-23-A5-E1-6F&v=win32_x64_2.7.0&token=a1vagoo58pb6u211031111839&?macAddr=30-9C-23-A5-E1-6F&v=win32_x64_2.7.0&token=a1vagoo58pb6u211031111839&|200| [] []
[2021-11-04 10:30:51.790689] MIX.DEBUG: SQL: 1.14ms SELECT * FROM User_Pool WHERE token = ? ["a1vagoo58pb6u211031111839"] 1 [] []
[2021-11-04 10:30:59.906978] MIX.DEBUG: SQL: 1.19ms SELECT * FROM User_Pool WHERE token = ? ["a1vagoo58pb6u211031111839"] 1 [] []
[2021-11-04 10:30:59.910162] MIX.DEBUG: SQL: 1.62ms SELECT * FROM User_Pool WHERE token = ? ["a1vagoo58pb6u211031111839"] 1 [] []
[2021-11-04 10:30:59.911341] MIX.DEBUG: GET|http://192.168.1.10:8000/api/user/getSyncState?macAddr=30-9C-23-A5-E1-6F&v=win32_x64_2.7.0&token=a1vagoo58pb6u211031111839&?macAddr=30-9C-23-A5-E1-6F&v=win32_x64_2.7.0&token=a1vagoo58pb6u211031111839&|200| [] []
[2021-11-04 10:30:59.937437] MIX.DEBUG: SQL: 1.64ms SELECT * FROM User_Pool WHERE token = ? ["a1vagoo58pb6u211031111839"] 1 [] []
[2021-11-04 10:31:51.062357] MIX.DEBUG: SQL: 1.37ms SELECT * FROM User_Pool WHERE token = ? ["a1vagoo58pb6u211031111839"] 1 [] []
[2021-11-04 10:31:51.064187] MIX.DEBUG: SQL: 1.06ms SELECT * FROM User_Pool WHERE token = ? ["a1vagoo58pb6u211031111839"] 1 [] []
[2021-11-04 10:31:51.065198] MIX.DEBUG: GET|http://192.168.1.10:8000/api/user/getSyncState?macAddr=30-9C-23-A5-E1-6F&v=win32_x64_2.7.0&token=a1vagoo58pb6u211031111839&?macAddr=30-9C-23-A5-E1-6F&v=win32_x64_2.7.0&token=a1vagoo58pb6u211031111839&|200| [] []
[2021-11-04 10:31:51.097087] MIX.DEBUG: SQL: 1.77ms SELECT * FROM User_Pool WHERE token = ? ["a1vagoo58pb6u211031111839"] 1 [] []
[2021-11-04 10:31:57.731401] MIX.DEBUG: SQL: 1.15ms SELECT * FROM User_Pool WHERE token = ? ["a1vagoo58pb6u211031111839"] 1 [] []
[2021-11-04 10:31:57.733172] MIX.DEBUG: SQL: 1.15ms SELECT * FROM User_Pool WHERE token = ? ["a1vagoo58pb6u211031111839"] 1 [] []
[2021-11-04 10:31:57.733904] MIX.DEBUG: GET|http://192.168.1.10:8000/api/user/getSyncState?macAddr=30-9C-23-A5-E1-6F&v=win32_x64_2.7.0&token=a1vagoo58pb6u211031111839&?macAddr=30-9C-23-A5-E1-6F&v=win32_x64_2.7.0&token=a1vagoo58pb6u211031111839&|200| [] []
[2021-11-04 10:31:57.763622] MIX.DEBUG: SQL: 2ms SELECT * FROM User_Pool WHERE token = ? ["a1vagoo58pb6u211031111839"] 1 [] []
[2021-11-04 10:32:27.087469] MIX.DEBUG: SQL: 1.62ms SELECT * FROM User_Pool WHERE token = ? ["a1vagoo58pb6u211031111839"] 1 [] []
[2021-11-04 10:32:27.089987] MIX.DEBUG: SQL: 1.66ms SELECT * FROM User_Pool WHERE token = ? ["a1vagoo58pb6u211031111839"] 1 [] []
[2021-11-04 10:32:27.091001] MIX.DEBUG: GET|http://192.168.1.10:8000/api/user/getSyncState?macAddr=30-9C-23-A5-E1-6F&v=win32_x64_2.7.0&token=a1vagoo58pb6u211031111839&?macAddr=30-9C-23-A5-E1-6F&v=win32_x64_2.7.0&token=a1vagoo58pb6u211031111839&|200| [] []
[2021-11-04 10:32:27.118981] MIX.DEBUG: SQL: 2.11ms SELECT * FROM User_Pool WHERE token = ? ["a1vagoo58pb6u211031111839"] 1 [] []
