[2021-11-12 21:48:17.695592] MIX.DEBUG: SQL: 14.54ms SELECT * FROM test [] 0 [] []
[2021-11-12 21:48:17.699376] MIX.ERROR: SQLSTATE[42S02]: Base table or view not found: 1146 Table 'leanote.test' doesn't exist in /var/www/api-project/vendor/mix/database/src/AbstractConnection.php on line 194 [] []
[2021-11-12 21:49:16.556366] MIX.DEBUG: SQL: 10.18ms SELECT * FROM test [] 0 [] []
[2021-11-12 21:49:16.557704] MIX.ERROR: SQLSTATE[42S02]: Base table or view not found: 1146 Table 'leanote.test' doesn't exist in /var/www/api-project/vendor/mix/database/src/AbstractConnection.php on line 194 [] []
[2021-11-12 21:50:55.789663] MIX.DEBUG: SQL: 3.01ms SELECT * FROM test [] 0 [] []
[2021-11-12 21:50:55.790189] MIX.ERROR: SQLSTATE[42S02]: Base table or view not found: 1146 Table 'leanote.test' doesn't exist in /var/www/api-project/vendor/mix/database/src/AbstractConnection.php on line 194 [] []
[2021-11-12 21:50:57.011687] MIX.DEBUG: SQL: 8.02ms SELECT * FROM test [] 0 [] []
[2021-11-12 21:50:57.012154] MIX.ERROR: SQLSTATE[42S02]: Base table or view not found: 1146 Table 'leanote.test' doesn't exist in /var/www/api-project/vendor/mix/database/src/AbstractConnection.php on line 194 [] []
[2021-11-12 21:51:14.208420] MIX.DEBUG: SQL: 1.5ms SELECT * FROM test [] 0 [] []
[2021-11-12 21:51:14.209105] MIX.ERROR: SQLSTATE[42S02]: Base table or view not found: 1146 Table 'leanote.test' doesn't exist in /var/www/api-project/vendor/mix/database/src/AbstractConnection.php on line 194 [] []
[2021-11-12 21:51:42.746100] MIX.DEBUG: SQL: 4.01ms SELECT * FROM test [] 0 [] []
[2021-11-12 21:51:42.746622] MIX.ERROR: SQLSTATE[42S02]: Base table or view not found: 1146 Table 'leanote.test' doesn't exist in /var/www/api-project/vendor/mix/database/src/AbstractConnection.php on line 194 [] []
[2021-11-12 21:51:52.016196] MIX.DEBUG: SQL: 1.82ms SELECT * FROM test [] 0 [] []
[2021-11-12 21:51:52.017155] MIX.ERROR: SQLSTATE[42S02]: Base table or view not found: 1146 Table 'leanote.test' doesn't exist in /var/www/api-project/vendor/mix/database/src/AbstractConnection.php on line 194 [] []
[2021-11-12 22:00:27.125817] MIX.DEBUG: SQL: 3.97ms CREATE TABLE User_Pool( id INT NOT NULL AUTO_INCREMENT, user VARCHAR(20) NOT NULL, email VARCHAR(20), verified VARCHAR(5), logo TEXT, token VARCHAR(32), pwd VARCHAR(32), date DATE, etc TEXT, PRIMARY KEY ( id ))ENGINE=InnoDB DEFAULT CHARSET=utf8;  [] 0 [] []
[2021-11-12 22:00:27.126351] MIX.ERROR: SQLSTATE[42S01]: Base table or view already exists: 1050 Table 'User_Pool' already exists in /var/www/api-project/vendor/mix/database/src/AbstractConnection.php on line 194 [] []
[2021-11-12 22:00:28.075736] MIX.DEBUG: SQL: 1.3ms CREATE TABLE User_Pool( id INT NOT NULL AUTO_INCREMENT, user VARCHAR(20) NOT NULL, email VARCHAR(20), verified VARCHAR(5), logo TEXT, token VARCHAR(32), pwd VARCHAR(32), date DATE, etc TEXT, PRIMARY KEY ( id ))ENGINE=InnoDB DEFAULT CHARSET=utf8;  [] 0 [] []
[2021-11-12 22:00:28.076236] MIX.ERROR: SQLSTATE[42S01]: Base table or view already exists: 1050 Table 'User_Pool' already exists in /var/www/api-project/vendor/mix/database/src/AbstractConnection.php on line 194 [] []
[2021-11-12 22:00:59.974969] MIX.DEBUG: SQL: 5.97ms CREATE TABLE IF NOT EXISTS User_Pool( id INT NOT NULL AUTO_INCREMENT, user VARCHAR(20) NOT NULL, email VARCHAR(20), verified VARCHAR(5), logo TEXT, token VARCHAR(32), pwd VARCHAR(32), date DATE, etc TEXT, PRIMARY KEY ( id ))ENGINE=InnoDB DEFAULT CHARSET=utf8;  [] 0 [] []
[2021-11-12 22:00:59.976116] MIX.DEBUG: GET|http://192.168.1.10:8000/api/auth/test|200| [] []
[2021-11-12 22:01:05.990384] MIX.DEBUG: SQL: 3.53ms CREATE TABLE IF NOT EXISTS User_Pool( id INT NOT NULL AUTO_INCREMENT, user VARCHAR(20) NOT NULL, email VARCHAR(20), verified VARCHAR(5), logo TEXT, token VARCHAR(32), pwd VARCHAR(32), date DATE, etc TEXT, PRIMARY KEY ( id ))ENGINE=InnoDB DEFAULT CHARSET=utf8;  [] 0 [] []
[2021-11-12 22:01:05.991380] MIX.DEBUG: GET|http://192.168.1.10:8000/api/auth/test|200| [] []
[2021-11-12 22:05:45.053955] MIX.DEBUG: SQL: 5.27ms CREATE TABLE IF NOT EXISTS User_Pool( id INT NOT NULL AUTO_INCREMENT, user VARCHAR(20) NOT NULL, email VARCHAR(20), verified VARCHAR(5), logo TEXT, token VARCHAR(32), pwd VARCHAR(32), date DATE, etc TEXT, PRIMARY KEY ( id ))ENGINE=InnoDB DEFAULT CHARSET=utf8;  [] 0 [] []
[2021-11-12 22:05:45.054599] MIX.NOTICE: Undefined variable: res in /var/www/api-project/src/Controller/Auth.php on line 211 in /var/www/api-project/src/Error.php on line 39 [] []
[2021-11-12 22:05:45.064147] MIX.DEBUG: SQL: 9.17ms INSERT INTO `User_Pool` (`user`, `pwd`, `date`, `token`) VALUES (:user, :pwd, :date, :token) {"user":"admin","pwd":"e10adc3949ba59abbe56e057f20f883e","date":"2021-11-12 22:05:45","token":"dv5sluegaybha211112100545"} 1 [] []
[2021-11-12 22:05:45.065153] MIX.DEBUG: GET|http://192.168.1.10:8000/api/auth/init|200| [] []
[2021-11-12 22:05:59.323439] MIX.DEBUG: SQL: 3.14ms CREATE TABLE IF NOT EXISTS User_Pool( id INT NOT NULL AUTO_INCREMENT, user VARCHAR(20) NOT NULL, email VARCHAR(20), verified VARCHAR(5), logo TEXT, token VARCHAR(32), pwd VARCHAR(32), date DATE, etc TEXT, PRIMARY KEY ( id ))ENGINE=InnoDB DEFAULT CHARSET=utf8;  [] 0 [] []
[2021-11-12 22:05:59.324259] MIX.NOTICE: Undefined variable: res in /var/www/api-project/src/Controller/Auth.php on line 211 in /var/www/api-project/src/Error.php on line 39 [] []
[2021-11-12 22:05:59.329693] MIX.DEBUG: SQL: 4.9ms INSERT INTO `User_Pool` (`user`, `pwd`, `date`, `token`) VALUES (:user, :pwd, :date, :token) {"user":"admin","pwd":"e10adc3949ba59abbe56e057f20f883e","date":"2021-11-12 22:05:59","token":"zsyuqzrf1ltss211112100559"} 1 [] []
[2021-11-12 22:05:59.331085] MIX.DEBUG: GET|http://192.168.1.10:8000/api/auth/init|200| [] []
[2021-11-12 22:09:45.669676] MIX.DEBUG: SQL: 7.18ms CREATE TABLE IF NOT EXISTS User_Pool( id INT NOT NULL AUTO_INCREMENT, user VARCHAR(20) NOT NULL, email VARCHAR(20), verified VARCHAR(5), logo TEXT, token VARCHAR(32), pwd VARCHAR(32), date DATE, etc TEXT, PRIMARY KEY ( id ))ENGINE=InnoDB DEFAULT CHARSET=utf8;  [] 0 [] []
[2021-11-12 22:09:45.670370] MIX.NOTICE: Undefined variable: res in /var/www/api-project/src/Controller/Auth.php on line 219 in /var/www/api-project/src/Error.php on line 39 [] []
[2021-11-12 22:09:45.670789] MIX.ERROR: Call to undefined method Mix\Database\Database::where() in /var/www/api-project/src/Controller/Auth.php on line 124 [] []
[2021-11-12 22:10:09.669017] MIX.DEBUG: SQL: 4.92ms CREATE TABLE IF NOT EXISTS User_Pool( id INT NOT NULL AUTO_INCREMENT, user VARCHAR(20) NOT NULL, email VARCHAR(20), verified VARCHAR(5), logo TEXT, token VARCHAR(32), pwd VARCHAR(32), date DATE, etc TEXT, PRIMARY KEY ( id ))ENGINE=InnoDB DEFAULT CHARSET=utf8;  [] 0 [] []
[2021-11-12 22:10:09.669551] MIX.NOTICE: Undefined variable: res in /var/www/api-project/src/Controller/Auth.php on line 219 in /var/www/api-project/src/Error.php on line 39 [] []
[2021-11-12 22:10:09.669879] MIX.ERROR: Call to undefined method Mix\Database\Database::where() in /var/www/api-project/src/Controller/Auth.php on line 124 [] []
[2021-11-12 22:10:46.000364] MIX.DEBUG: SQL: 6.39ms CREATE TABLE IF NOT EXISTS User_Pool( id INT NOT NULL AUTO_INCREMENT, user VARCHAR(20) NOT NULL, email VARCHAR(20), verified VARCHAR(5), logo TEXT, token VARCHAR(32), pwd VARCHAR(32), date DATE, etc TEXT, PRIMARY KEY ( id ))ENGINE=InnoDB DEFAULT CHARSET=utf8;  [] 0 [] []
[2021-11-12 22:10:46.001032] MIX.NOTICE: Undefined variable: res in /var/www/api-project/src/Controller/Auth.php on line 219 in /var/www/api-project/src/Error.php on line 39 [] []
[2021-11-12 22:10:46.001474] MIX.ERROR: Call to undefined method Mix\Database\Database::where() in /var/www/api-project/src/Controller/Auth.php on line 124 [] []
[2021-11-12 22:11:09.246330] MIX.DEBUG: SQL: 5.84ms CREATE TABLE IF NOT EXISTS User_Pool( id INT NOT NULL AUTO_INCREMENT, user VARCHAR(20) NOT NULL, email VARCHAR(20), verified VARCHAR(5), logo TEXT, token VARCHAR(32), pwd VARCHAR(32), date DATE, etc TEXT, PRIMARY KEY ( id ))ENGINE=InnoDB DEFAULT CHARSET=utf8;  [] 0 [] []
[2021-11-12 22:11:09.246867] MIX.NOTICE: Undefined variable: res in /var/www/api-project/src/Controller/Auth.php on line 219 in /var/www/api-project/src/Error.php on line 39 [] []
[2021-11-12 22:11:09.248222] MIX.DEBUG: SQL: 0.96ms SELECT * FROM User_Pool WHERE user = admin [] 0 [] []
[2021-11-12 22:11:09.248841] MIX.ERROR: SQLSTATE[42S22]: Column not found: 1054 Unknown column 'admin' in 'where clause' in /var/www/api-project/vendor/mix/database/src/AbstractConnection.php on line 194 [] []
[2021-11-12 22:11:34.848830] MIX.DEBUG: SQL: 6.67ms CREATE TABLE IF NOT EXISTS User_Pool( id INT NOT NULL AUTO_INCREMENT, user VARCHAR(20) NOT NULL, email VARCHAR(20), verified VARCHAR(5), logo TEXT, token VARCHAR(32), pwd VARCHAR(32), date DATE, etc TEXT, PRIMARY KEY ( id ))ENGINE=InnoDB DEFAULT CHARSET=utf8;  [] 0 [] []
[2021-11-12 22:11:34.849531] MIX.NOTICE: Undefined variable: res in /var/www/api-project/src/Controller/Auth.php on line 219 in /var/www/api-project/src/Error.php on line 39 [] []
[2021-11-12 22:11:34.851559] MIX.DEBUG: SQL: 1.59ms SELECT * FROM User_Pool WHERE user = ? ["admin"] 1 [] []
[2021-11-12 22:11:34.852351] MIX.DEBUG: GET|http://192.168.1.10:8000/api/auth/init|200| [] []
[2021-11-12 22:11:40.689255] MIX.DEBUG: SQL: 4.2ms CREATE TABLE IF NOT EXISTS User_Pool( id INT NOT NULL AUTO_INCREMENT, user VARCHAR(20) NOT NULL, email VARCHAR(20), verified VARCHAR(5), logo TEXT, token VARCHAR(32), pwd VARCHAR(32), date DATE, etc TEXT, PRIMARY KEY ( id ))ENGINE=InnoDB DEFAULT CHARSET=utf8;  [] 0 [] []
[2021-11-12 22:11:40.690110] MIX.NOTICE: Undefined variable: res in /var/www/api-project/src/Controller/Auth.php on line 219 in /var/www/api-project/src/Error.php on line 39 [] []
[2021-11-12 22:11:40.692420] MIX.DEBUG: SQL: 1.74ms SELECT * FROM User_Pool WHERE user = ? ["admin"] 1 [] []
[2021-11-12 22:11:40.693864] MIX.DEBUG: GET|http://192.168.1.10:8000/api/auth/init|200| [] []
[2021-11-12 22:12:55.972620] MIX.DEBUG: SQL: 6.16ms CREATE TABLE IF NOT EXISTS User_Pool( id INT NOT NULL AUTO_INCREMENT, user VARCHAR(20) NOT NULL, email VARCHAR(20), verified VARCHAR(5), logo TEXT, token VARCHAR(32), pwd VARCHAR(32), date DATE, etc TEXT, PRIMARY KEY ( id ))ENGINE=InnoDB DEFAULT CHARSET=utf8;  [] 0 [] []
[2021-11-12 22:12:55.973690] MIX.NOTICE: Undefined variable: res in /var/www/api-project/src/Controller/Auth.php on line 221 in /var/www/api-project/src/Error.php on line 39 [] []
[2021-11-12 22:12:55.976191] MIX.DEBUG: SQL: 2ms SELECT * FROM User_Pool WHERE user = ? ["admin"] 1 [] []
[2021-11-12 22:12:55.977431] MIX.DEBUG: GET|http://192.168.1.10:8000/api/auth/init|200| [] []
[2021-11-12 22:13:07.334215] MIX.DEBUG: SQL: 5.71ms CREATE TABLE IF NOT EXISTS User_Pool( id INT NOT NULL AUTO_INCREMENT, user VARCHAR(20) NOT NULL, email VARCHAR(20), verified VARCHAR(5), logo TEXT, token VARCHAR(32), pwd VARCHAR(32), date DATE, etc TEXT, PRIMARY KEY ( id ))ENGINE=InnoDB DEFAULT CHARSET=utf8;  [] 0 [] []
[2021-11-12 22:13:07.334803] MIX.NOTICE: Undefined variable: res in /var/www/api-project/src/Controller/Auth.php on line 221 in /var/www/api-project/src/Error.php on line 39 [] []
[2021-11-12 22:13:07.336400] MIX.DEBUG: SQL: 1.18ms SELECT * FROM User_Pool WHERE user = ? ["admin"] 0 [] []
[2021-11-12 22:13:07.342004] MIX.DEBUG: SQL: 4.97ms INSERT INTO `User_Pool` (`user`, `pwd`, `date`, `token`) VALUES (:user, :pwd, :date, :token) {"user":"admin","pwd":"e10adc3949ba59abbe56e057f20f883e","date":"2021-11-12 22:13:07","token":"7ufxrb9n4e79y211112101307"} 1 [] []
[2021-11-12 22:13:07.342786] MIX.DEBUG: GET|http://192.168.1.10:8000/api/auth/init|200| [] []
