[2021-11-05 10:08:31.178648] MIX.DEBUG: SQL: 2.49ms SELECT * FROM User_Pool WHERE user = ? ["aaa"] 1 [] []
[2021-11-05 10:08:31.180628] MIX.DEBUG: GET|http://192.168.1.10:8000/api/auth/login?email=aaa&pwd=wts20020912?email=aaa&pwd=wts20020912|200| [] []
[2021-11-05 10:27:12.133908] MIX.DEBUG: SQL: 1.24ms SELECT * FROM User_Pool WHERE token = ? [""] 0 [] []
[2021-11-05 10:27:55.738699] MIX.DEBUG: SQL: 1.1ms SELECT * FROM User_Pool WHERE token = ? ["a1vagoo58pb6u211031111839"] 1 [] []
[2021-11-05 10:28:20.081487] MIX.DEBUG: SQL: 1.66ms SELECT * FROM User_Pool WHERE token = ? ["a1vagoo58pb6u211031111839"] 1 [] []
[2021-11-05 10:28:20.082511] MIX.ERROR: Class 'App\Controller\arent' not found in /var/www/api-project/src/Controller/Note.php on line 67 [] []
[2021-11-05 10:28:41.378390] MIX.DEBUG: SQL: 1.42ms SELECT * FROM User_Pool WHERE token = ? ["a1vagoo58pb6u211031111839"] 1 [] []
[2021-11-05 10:28:41.380419] MIX.DEBUG: SQL: 1.42ms SELECT * FROM User_Pool WHERE token = ? ["a1vagoo58pb6u211031111839"] 1 [] []
[2021-11-05 10:28:41.382127] MIX.DEBUG: SQL: 1.23ms SELECT * FROM User_1_Notes WHERE id > ? LIMIT ?, ? [0,0,10] 1 [] []
[2021-11-05 10:28:41.383041] MIX.DEBUG: GET|http://192.168.1.10:8000/api/note/getSyncNotes?token=a1vagoo58pb6u211031111839&afterUsn=10000020003000&maxEntry=10?token=a1vagoo58pb6u211031111839&afterUsn=10000020003000&maxEntry=10|200| [] []
[2021-11-05 10:30:20.972315] MIX.DEBUG: SQL: 1.48ms SELECT * FROM User_Pool WHERE token = ? ["a1vagoo58pb6u211031111839"] 1 [] []
[2021-11-05 10:30:20.974656] MIX.DEBUG: SQL: 1.31ms SELECT * FROM User_Pool WHERE token = ? ["a1vagoo58pb6u211031111839"] 1 [] []
[2021-11-05 10:30:20.976290] MIX.DEBUG: SQL: 1.22ms SELECT * FROM User_1_Notes WHERE id > ? LIMIT ?, ? [0,0,10] 1 [] []
[2021-11-05 10:30:20.977862] MIX.DEBUG: SQL: 1.14ms SELECT * FROM User_Pool WHERE token = ? ["a1vagoo58pb6u211031111839"] 1 [] []
[2021-11-05 10:30:20.984426] MIX.DEBUG: SQL: 6.12ms UPDATE User_Pool SET etc = ? WHERE token = ? [10000120003000,"a1vagoo58pb6u211031111839"] 1 [] []
[2021-11-05 10:30:20.985479] MIX.DEBUG: GET|http://192.168.1.10:8000/api/note/getSyncNotes?token=a1vagoo58pb6u211031111839&afterUsn=10000020003000&maxEntry=10?token=a1vagoo58pb6u211031111839&afterUsn=10000020003000&maxEntry=10|200| [] []
[2021-11-05 10:30:38.333990] MIX.DEBUG: SQL: 1.2ms SELECT * FROM User_Pool WHERE token = ? ["a1vagoo58pb6u211031111839"] 1 [] []
[2021-11-05 10:30:38.336865] MIX.DEBUG: SQL: 1.31ms SELECT * FROM User_Pool WHERE token = ? ["a1vagoo58pb6u211031111839"] 1 [] []
[2021-11-05 10:30:38.338637] MIX.DEBUG: SQL: 1.31ms SELECT * FROM User_1_Notes WHERE id > ? LIMIT ?, ? [0,0,10] 1 [] []
[2021-11-05 10:30:38.340210] MIX.DEBUG: SQL: 1.11ms SELECT * FROM User_Pool WHERE token = ? ["a1vagoo58pb6u211031111839"] 1 [] []
[2021-11-05 10:30:38.341768] MIX.DEBUG: SQL: 1.1ms UPDATE User_Pool SET etc = ? WHERE token = ? [10000120003000,"a1vagoo58pb6u211031111839"] 0 [] []
[2021-11-05 10:30:38.342529] MIX.DEBUG: GET|http://192.168.1.10:8000/api/note/getSyncNotes?token=a1vagoo58pb6u211031111839&afterUsn=10000020003000&maxEntry=10?token=a1vagoo58pb6u211031111839&afterUsn=10000020003000&maxEntry=10|200| [] []
[2021-11-05 10:31:12.158214] MIX.DEBUG: SQL: 1.26ms SELECT * FROM User_Pool WHERE token = ? ["a1vagoo58pb6u211031111839"] 1 [] []
[2021-11-05 10:31:12.160728] MIX.DEBUG: SQL: 1.31ms SELECT * FROM User_Pool WHERE token = ? ["a1vagoo58pb6u211031111839"] 1 [] []
[2021-11-05 10:31:12.162842] MIX.DEBUG: SQL: 1.58ms SELECT * FROM User_1_Notes WHERE id > ? LIMIT ?, ? [0,0,10] 1 [] []
[2021-11-05 10:31:12.164503] MIX.DEBUG: SQL: 1.16ms SELECT * FROM User_Pool WHERE token = ? ["a1vagoo58pb6u211031111839"] 1 [] []
[2021-11-05 10:31:12.166094] MIX.DEBUG: SQL: 1.08ms UPDATE User_Pool SET etc = ? WHERE token = ? [10000120003000,"a1vagoo58pb6u211031111839"] 0 [] []
[2021-11-05 10:31:12.166832] MIX.DEBUG: GET|http://192.168.1.10:8000/api/note/getSyncNotes?token=a1vagoo58pb6u211031111839&afterUsn=10000020003000&maxEntry=10?token=a1vagoo58pb6u211031111839&afterUsn=10000020003000&maxEntry=10|200| [] []
[2021-11-05 10:31:23.334387] MIX.DEBUG: SQL: 2.46ms SELECT * FROM User_Pool WHERE token = ? ["a1vagoo58pb6u211031111839"] 1 [] []
[2021-11-05 10:31:23.337534] MIX.DEBUG: SQL: 2.26ms SELECT * FROM User_Pool WHERE token = ? ["a1vagoo58pb6u211031111839"] 1 [] []
[2021-11-05 10:31:23.339793] MIX.DEBUG: SQL: 1.75ms SELECT * FROM User_1_Notes WHERE id > ? LIMIT ?, ? [1,0,10] 0 [] []
[2021-11-05 10:31:23.340155] MIX.NOTICE: Undefined variable: maxid in /var/www/api-project/src/Controller/Note.php on line 107 in /var/www/api-project/src/Error.php on line 39 [] []
[2021-11-05 10:31:23.341745] MIX.DEBUG: SQL: 1.29ms SELECT * FROM User_Pool WHERE token = ? ["a1vagoo58pb6u211031111839"] 1 [] []
[2021-11-05 10:31:23.347330] MIX.DEBUG: SQL: 5.09ms UPDATE User_Pool SET etc = ? WHERE token = ? [10000020003000,"a1vagoo58pb6u211031111839"] 1 [] []
[2021-11-05 10:31:23.347712] MIX.NOTICE: Undefined variable: json in /var/www/api-project/src/Controller/Note.php on line 108 in /var/www/api-project/src/Error.php on line 39 [] []
[2021-11-05 10:31:23.348510] MIX.DEBUG: GET|http://192.168.1.10:8000/api/note/getSyncNotes?token=a1vagoo58pb6u211031111839&afterUsn=10000120003000&maxEntry=10?token=a1vagoo58pb6u211031111839&afterUsn=10000120003000&maxEntry=10|200| [] []
[2021-11-05 10:31:35.845588] MIX.DEBUG: SQL: 1.85ms SELECT * FROM User_Pool WHERE token = ? ["a1vagoo58pb6u211031111839"] 1 [] []
[2021-11-05 10:31:35.847397] MIX.DEBUG: SQL: 1.19ms SELECT * FROM User_Pool WHERE token = ? ["a1vagoo58pb6u211031111839"] 1 [] []
[2021-11-05 10:31:35.848995] MIX.DEBUG: SQL: 1.18ms SELECT * FROM User_1_Notes WHERE id > ? LIMIT ?, ? [1,0,10] 0 [] []
[2021-11-05 10:31:35.849314] MIX.NOTICE: Undefined variable: maxid in /var/www/api-project/src/Controller/Note.php on line 107 in /var/www/api-project/src/Error.php on line 39 [] []
[2021-11-05 10:31:35.850592] MIX.DEBUG: SQL: 1.04ms SELECT * FROM User_Pool WHERE token = ? ["a1vagoo58pb6u211031111839"] 1 [] []
[2021-11-05 10:31:35.851956] MIX.DEBUG: SQL: 0.95ms UPDATE User_Pool SET etc = ? WHERE token = ? [10000020003000,"a1vagoo58pb6u211031111839"] 0 [] []
[2021-11-05 10:31:35.852243] MIX.NOTICE: Undefined variable: json in /var/www/api-project/src/Controller/Note.php on line 108 in /var/www/api-project/src/Error.php on line 39 [] []
[2021-11-05 10:31:35.852754] MIX.DEBUG: GET|http://192.168.1.10:8000/api/note/getSyncNotes?token=a1vagoo58pb6u211031111839&afterUsn=10000120003000&maxEntry=10?token=a1vagoo58pb6u211031111839&afterUsn=10000120003000&maxEntry=10|200| [] []
[2021-11-05 10:31:46.190274] MIX.DEBUG: SQL: 1.38ms SELECT * FROM User_Pool WHERE token = ? ["a1vagoo58pb6u211031111839"] 1 [] []
[2021-11-05 10:31:46.192388] MIX.DEBUG: SQL: 1.45ms SELECT * FROM User_Pool WHERE token = ? ["a1vagoo58pb6u211031111839"] 1 [] []
[2021-11-05 10:31:46.195155] MIX.DEBUG: SQL: 1.86ms SELECT * FROM User_1_Notes WHERE id > ? LIMIT ?, ? [0,0,10] 1 [] []
[2021-11-05 10:31:46.197111] MIX.DEBUG: SQL: 1.38ms SELECT * FROM User_Pool WHERE token = ? ["a1vagoo58pb6u211031111839"] 1 [] []
[2021-11-05 10:31:46.202788] MIX.DEBUG: SQL: 5.1ms UPDATE User_Pool SET etc = ? WHERE token = ? [10000120003000,"a1vagoo58pb6u211031111839"] 1 [] []
[2021-11-05 10:31:46.203545] MIX.DEBUG: GET|http://192.168.1.10:8000/api/note/getSyncNotes?token=a1vagoo58pb6u211031111839&afterUsn=10000020003000&maxEntry=10?token=a1vagoo58pb6u211031111839&afterUsn=10000020003000&maxEntry=10|200| [] []
[2021-11-05 10:31:54.979431] MIX.DEBUG: SQL: 1.3ms SELECT * FROM User_Pool WHERE token = ? ["a1vagoo58pb6u211031111839"] 1 [] []
[2021-11-05 10:31:54.982499] MIX.DEBUG: SQL: 1.93ms SELECT * FROM User_Pool WHERE token = ? ["a1vagoo58pb6u211031111839"] 1 [] []
[2021-11-05 10:31:54.984969] MIX.DEBUG: SQL: 1.65ms SELECT * FROM User_1_Notes WHERE id > ? LIMIT ?, ? [0,0,10] 1 [] []
[2021-11-05 10:31:54.986460] MIX.DEBUG: SQL: 1.06ms SELECT * FROM User_Pool WHERE token = ? ["a1vagoo58pb6u211031111839"] 1 [] []
[2021-11-05 10:31:54.987863] MIX.DEBUG: SQL: 0.98ms UPDATE User_Pool SET etc = ? WHERE token = ? [10000120003000,"a1vagoo58pb6u211031111839"] 0 [] []
[2021-11-05 10:31:54.988523] MIX.DEBUG: GET|http://192.168.1.10:8000/api/note/getSyncNotes?token=a1vagoo58pb6u211031111839&afterUsn=10000020003000&maxEntry=10?token=a1vagoo58pb6u211031111839&afterUsn=10000020003000&maxEntry=10|200| [] []
[2021-11-05 19:25:18.213284] MIX.DEBUG: SQL: 1.6ms SELECT * FROM User_Pool WHERE token = ? [""] 0 [] []
[2021-11-05 19:25:35.476956] MIX.DEBUG: SQL: 1.64ms SELECT * FROM User_Pool WHERE token = ? ["a1vagoo58pb6u211031111839"] 1 [] []
[2021-11-05 19:25:52.863764] MIX.DEBUG: SQL: 1.96ms SELECT * FROM User_Pool WHERE token = ? ["a1vagoo58pb6u211031111839"] 1 [] []
[2021-11-05 19:26:19.022984] MIX.DEBUG: SQL: 2.19ms SELECT * FROM User_Pool WHERE token = ? ["a1vagoo58pb6u211031111839"] 1 [] []
[2021-11-05 19:26:19.025448] MIX.DEBUG: SQL: 1.49ms SELECT * FROM User_Pool WHERE token = ? ["a1vagoo58pb6u211031111839"] 1 [] []
[2021-11-05 19:26:19.027417] MIX.DEBUG: SQL: 1.56ms SELECT * FROM User_1_Notes WHERE uuid = ? ["af1yf6nsv2n4n211025066666"] 1 [] []
[2021-11-05 19:26:19.027764] MIX.NOTICE: Undefined variable: a in /var/www/api-project/src/Controller/Note.php on line 140 in /var/www/api-project/src/Error.php on line 39 [] []
[2021-11-05 19:26:19.027982] MIX.NOTICE: Trying to get property 'uuid' of non-object in /var/www/api-project/src/Controller/Note.php on line 140 in /var/www/api-project/src/Error.php on line 39 [] []
[2021-11-05 19:26:19.028178] MIX.NOTICE: Undefined variable: a in /var/www/api-project/src/Controller/Note.php on line 141 in /var/www/api-project/src/Error.php on line 39 [] []
[2021-11-05 19:26:19.028355] MIX.NOTICE: Trying to get property 'notebook' of non-object in /var/www/api-project/src/Controller/Note.php on line 141 in /var/www/api-project/src/Error.php on line 39 [] []
[2021-11-05 19:26:19.028543] MIX.NOTICE: Undefined variable: a in /var/www/api-project/src/Controller/Note.php on line 143 in /var/www/api-project/src/Error.php on line 39 [] []
[2021-11-05 19:26:19.028724] MIX.NOTICE: Trying to get property 'title' of non-object in /var/www/api-project/src/Controller/Note.php on line 143 in /var/www/api-project/src/Error.php on line 39 [] []
[2021-11-05 19:26:19.029005] MIX.NOTICE: Undefined variable: a in /var/www/api-project/src/Controller/Note.php on line 144 in /var/www/api-project/src/Error.php on line 39 [] []
[2021-11-05 19:26:19.029207] MIX.NOTICE: Trying to get property 'tags' of non-object in /var/www/api-project/src/Controller/Note.php on line 144 in /var/www/api-project/src/Error.php on line 39 [] []
[2021-11-05 19:26:19.029393] MIX.NOTICE: Undefined variable: a in /var/www/api-project/src/Controller/Note.php on line 145 in /var/www/api-project/src/Error.php on line 39 [] []
[2021-11-05 19:26:19.029578] MIX.NOTICE: Trying to get property 'content' of non-object in /var/www/api-project/src/Controller/Note.php on line 145 in /var/www/api-project/src/Error.php on line 39 [] []
[2021-11-05 19:26:19.029762] MIX.NOTICE: Undefined variable: a in /var/www/api-project/src/Controller/Note.php on line 146 in /var/www/api-project/src/Error.php on line 39 [] []
[2021-11-05 19:26:19.029945] MIX.NOTICE: Trying to get property 'abstract' of non-object in /var/www/api-project/src/Controller/Note.php on line 146 in /var/www/api-project/src/Error.php on line 39 [] []
[2021-11-05 19:26:19.030126] MIX.NOTICE: Undefined variable: a in /var/www/api-project/src/Controller/Note.php on line 147 in /var/www/api-project/src/Error.php on line 39 [] []
[2021-11-05 19:26:19.030300] MIX.NOTICE: Trying to get property 'ismarkdown' of non-object in /var/www/api-project/src/Controller/Note.php on line 147 in /var/www/api-project/src/Error.php on line 39 [] []
[2021-11-05 19:26:19.030486] MIX.NOTICE: Undefined variable: a in /var/www/api-project/src/Controller/Note.php on line 148 in /var/www/api-project/src/Error.php on line 39 [] []
[2021-11-05 19:26:19.030667] MIX.NOTICE: Trying to get property 'isblog' of non-object in /var/www/api-project/src/Controller/Note.php on line 148 in /var/www/api-project/src/Error.php on line 39 [] []
[2021-11-05 19:26:19.030847] MIX.NOTICE: Undefined variable: a in /var/www/api-project/src/Controller/Note.php on line 149 in /var/www/api-project/src/Error.php on line 39 [] []
[2021-11-05 19:26:19.031095] MIX.NOTICE: Trying to get property 'istrash' of non-object in /var/www/api-project/src/Controller/Note.php on line 149 in /var/www/api-project/src/Error.php on line 39 [] []
[2021-11-05 19:26:19.031290] MIX.NOTICE: Undefined variable: a in /var/www/api-project/src/Controller/Note.php on line 150 in /var/www/api-project/src/Error.php on line 39 [] []
[2021-11-05 19:26:19.031474] MIX.NOTICE: Trying to get property 'files' of non-object in /var/www/api-project/src/Controller/Note.php on line 150 in /var/www/api-project/src/Error.php on line 39 [] []
[2021-11-05 19:26:19.031666] MIX.NOTICE: Undefined variable: a in /var/www/api-project/src/Controller/Note.php on line 151 in /var/www/api-project/src/Error.php on line 39 [] []
[2021-11-05 19:26:19.031844] MIX.NOTICE: Trying to get property 'createdtime' of non-object in /var/www/api-project/src/Controller/Note.php on line 151 in /var/www/api-project/src/Error.php on line 39 [] []
[2021-11-05 19:26:19.032023] MIX.NOTICE: Undefined variable: a in /var/www/api-project/src/Controller/Note.php on line 152 in /var/www/api-project/src/Error.php on line 39 [] []
[2021-11-05 19:26:19.032202] MIX.NOTICE: Trying to get property 'updatetime' of non-object in /var/www/api-project/src/Controller/Note.php on line 152 in /var/www/api-project/src/Error.php on line 39 [] []
[2021-11-05 19:26:19.032382] MIX.NOTICE: Undefined variable: a in /var/www/api-project/src/Controller/Note.php on line 153 in /var/www/api-project/src/Error.php on line 39 [] []
[2021-11-05 19:26:19.032558] MIX.NOTICE: Trying to get property 'createdtime' of non-object in /var/www/api-project/src/Controller/Note.php on line 153 in /var/www/api-project/src/Error.php on line 39 [] []
[2021-11-05 19:26:19.032735] MIX.NOTICE: Undefined variable: a in /var/www/api-project/src/Controller/Note.php on line 154 in /var/www/api-project/src/Error.php on line 39 [] []
[2021-11-05 19:26:19.033003] MIX.NOTICE: Trying to get property 'id' of non-object in /var/www/api-project/src/Controller/Note.php on line 154 in /var/www/api-project/src/Error.php on line 39 [] []
[2021-11-05 19:26:19.033724] MIX.DEBUG: GET|http://192.168.1.10:8000/api/note/getNoteAndContent?token=a1vagoo58pb6u211031111839&noteId=af1yf6nsv2n4n211025066666?token=a1vagoo58pb6u211031111839&noteId=af1yf6nsv2n4n211025066666|200| [] []
[2021-11-05 19:27:45.402755] MIX.DEBUG: SQL: 2.13ms SELECT * FROM User_Pool WHERE token = ? ["a1vagoo58pb6u211031111839"] 1 [] []
[2021-11-05 19:27:45.405039] MIX.DEBUG: SQL: 1.33ms SELECT * FROM User_Pool WHERE token = ? ["a1vagoo58pb6u211031111839"] 1 [] []
[2021-11-05 19:27:45.407073] MIX.DEBUG: SQL: 1.53ms SELECT * FROM User_1_Notes WHERE uuid = ? ["af1yf6nsv2n4n211025066666"] 1 [] []
[2021-11-05 19:27:45.408201] MIX.DEBUG: GET|http://192.168.1.10:8000/api/note/getNoteAndContent?token=a1vagoo58pb6u211031111839&noteId=af1yf6nsv2n4n211025066666?token=a1vagoo58pb6u211031111839&noteId=af1yf6nsv2n4n211025066666|200| [] []
[2021-11-05 19:32:05.110892] MIX.DEBUG: SQL: 2.12ms SELECT * FROM User_Pool WHERE token = ? ["a1vagoo58pb6u211031111839"] 1 [] []
[2021-11-05 19:39:16.742764] MIX.DEBUG: SQL: 2.84ms SELECT * FROM User_Pool WHERE token = ? ["a1vagoo58pb6u211031111839"] 1 [] []
[2021-11-05 19:39:16.745920] MIX.DEBUG: SQL: 1.45ms SELECT * FROM User_Pool WHERE token = ? ["a1vagoo58pb6u211031111839"] 1 [] []
[2021-11-05 19:39:16.747399] MIX.DEBUG: SQL: 1.06ms SELECT * FROM User_1_Notes WHERE uuid = ? ["af1yf6nsv2n4n211025066666"] 1 [] []
[2021-11-05 19:39:16.747756] MIX.NOTICE: Undefined variable: a in /var/www/api-project/src/Controller/Note.php on line 178 in /var/www/api-project/src/Error.php on line 39 [] []
[2021-11-05 19:39:16.747925] MIX.NOTICE: Trying to get property 'uuid' of non-object in /var/www/api-project/src/Controller/Note.php on line 178 in /var/www/api-project/src/Error.php on line 39 [] []
[2021-11-05 19:39:16.748072] MIX.NOTICE: Undefined variable: a in /var/www/api-project/src/Controller/Note.php on line 179 in /var/www/api-project/src/Error.php on line 39 [] []
[2021-11-05 19:39:16.748252] MIX.NOTICE: Trying to get property '1' of non-object in /var/www/api-project/src/Controller/Note.php on line 179 in /var/www/api-project/src/Error.php on line 39 [] []
[2021-11-05 19:39:16.748390] MIX.NOTICE: Undefined variable: a in /var/www/api-project/src/Controller/Note.php on line 180 in /var/www/api-project/src/Error.php on line 39 [] []
[2021-11-05 19:39:16.748535] MIX.NOTICE: Trying to get property 'content' of non-object in /var/www/api-project/src/Controller/Note.php on line 180 in /var/www/api-project/src/Error.php on line 39 [] []
[2021-11-05 19:39:16.749214] MIX.DEBUG: GET|http://192.168.1.10:8000/api/note/getNoteContent?token=a1vagoo58pb6u211031111839&noteId=af1yf6nsv2n4n211025066666?token=a1vagoo58pb6u211031111839&noteId=af1yf6nsv2n4n211025066666|200| [] []
[2021-11-05 19:40:12.326783] MIX.DEBUG: SQL: 2.56ms SELECT * FROM User_Pool WHERE token = ? ["a1vagoo58pb6u211031111839"] 1 [] []
[2021-11-05 19:40:12.329170] MIX.DEBUG: SQL: 1.45ms SELECT * FROM User_Pool WHERE token = ? ["a1vagoo58pb6u211031111839"] 1 [] []
[2021-11-05 19:40:12.331094] MIX.DEBUG: SQL: 1.38ms SELECT * FROM User_1_Notes WHERE uuid = ? ["af1yf6nsv2n4n211025066666"] 1 [] []
[2021-11-05 19:40:12.331515] MIX.NOTICE: Undefined property: stdClass::$1 in /var/www/api-project/src/Controller/Note.php on line 179 in /var/www/api-project/src/Error.php on line 39 [] []
[2021-11-05 19:40:12.332445] MIX.DEBUG: GET|http://192.168.1.10:8000/api/note/getNoteContent?token=a1vagoo58pb6u211031111839&noteId=af1yf6nsv2n4n211025066666?token=a1vagoo58pb6u211031111839&noteId=af1yf6nsv2n4n211025066666|200| [] []
[2021-11-05 19:40:44.991599] MIX.DEBUG: SQL: 2.92ms SELECT * FROM User_Pool WHERE token = ? ["a1vagoo58pb6u211031111839"] 1 [] []
[2021-11-05 19:40:44.993963] MIX.DEBUG: SQL: 1.29ms SELECT * FROM User_Pool WHERE token = ? ["a1vagoo58pb6u211031111839"] 1 [] []
[2021-11-05 19:40:44.995555] MIX.DEBUG: SQL: 1.11ms SELECT * FROM User_1_Notes WHERE uuid = ? ["af1yf6nsv2n4n211025066666"] 1 [] []
[2021-11-05 19:40:44.996278] MIX.DEBUG: GET|http://192.168.1.10:8000/api/note/getNoteContent?token=a1vagoo58pb6u211031111839&noteId=af1yf6nsv2n4n211025066666?token=a1vagoo58pb6u211031111839&noteId=af1yf6nsv2n4n211025066666|200| [] []
[2021-11-05 19:41:00.004948] MIX.DEBUG: SQL: 1.93ms SELECT * FROM User_Pool WHERE token = ? ["a1vagoo58pb6u211031111839"] 1 [] []
[2021-11-05 19:41:00.007216] MIX.DEBUG: SQL: 1.4ms SELECT * FROM User_Pool WHERE token = ? ["a1vagoo58pb6u211031111839"] 1 [] []
[2021-11-05 19:41:00.009074] MIX.DEBUG: SQL: 1.45ms SELECT * FROM User_1_Notes WHERE uuid = ? ["af1yf6nsv2n4n211025066666"] 1 [] []
[2021-11-05 19:41:00.009966] MIX.DEBUG: GET|http://192.168.1.10:8000/api/note/getNoteContent?token=a1vagoo58pb6u211031111839&noteId=af1yf6nsv2n4n211025066666&callback=?token=a1vagoo58pb6u211031111839&noteId=af1yf6nsv2n4n211025066666&callback=|200| [] []
[2021-11-05 19:41:03.273925] MIX.DEBUG: SQL: 1.73ms SELECT * FROM User_Pool WHERE token = ? ["a1vagoo58pb6u211031111839"] 1 [] []
[2021-11-05 19:41:03.276058] MIX.DEBUG: SQL: 1.32ms SELECT * FROM User_Pool WHERE token = ? ["a1vagoo58pb6u211031111839"] 1 [] []
[2021-11-05 19:41:03.278162] MIX.DEBUG: SQL: 1.65ms SELECT * FROM User_1_Notes WHERE uuid = ? ["af1yf6nsv2n4n211025066666"] 1 [] []
[2021-11-05 19:41:03.279071] MIX.DEBUG: GET|http://192.168.1.10:8000/api/note/getNoteContent?token=a1vagoo58pb6u211031111839&noteId=af1yf6nsv2n4n211025066666&callback=1?token=a1vagoo58pb6u211031111839&noteId=af1yf6nsv2n4n211025066666&callback=1|200| [] []
[2021-11-05 23:49:27.192662] MIX.DEBUG: SQL: 1.25ms SELECT * FROM User_Pool WHERE token = ? ["a1vagoo58pb6u211031111839"] 1 [] []
[2021-11-05 23:49:27.195703] MIX.DEBUG: SQL: 1.27ms SELECT * FROM User_Pool WHERE token = ? ["a1vagoo58pb6u211031111839"] 1 [] []
[2021-11-05 23:49:27.200327] MIX.DEBUG: GET|http://192.168.1.10:8000/api/user/getSyncState?macAddr=30-9C-23-A5-E1-6F&v=win32_x64_2.7.0&token=a1vagoo58pb6u211031111839&?macAddr=30-9C-23-A5-E1-6F&v=win32_x64_2.7.0&token=a1vagoo58pb6u211031111839&|200| [] []
[2021-11-05 23:49:27.225565] MIX.DEBUG: SQL: 1.51ms SELECT * FROM User_Pool WHERE token = ? ["a1vagoo58pb6u211031111839"] 1 [] []
[2021-11-05 23:49:33.511878] MIX.DEBUG: SQL: 1.51ms SELECT * FROM User_Pool WHERE token = ? ["a1vagoo58pb6u211031111839"] 1 [] []
[2021-11-05 23:49:33.514239] MIX.DEBUG: SQL: 1.78ms SELECT * FROM User_Pool WHERE token = ? ["a1vagoo58pb6u211031111839"] 1 [] []
[2021-11-05 23:49:33.515115] MIX.DEBUG: GET|http://192.168.1.10:8000/api/user/getSyncState?macAddr=30-9C-23-A5-E1-6F&v=win32_x64_2.7.0&token=a1vagoo58pb6u211031111839&?macAddr=30-9C-23-A5-E1-6F&v=win32_x64_2.7.0&token=a1vagoo58pb6u211031111839&|200| [] []
[2021-11-05 23:49:33.538359] MIX.DEBUG: SQL: 1.33ms SELECT * FROM User_Pool WHERE token = ? ["a1vagoo58pb6u211031111839"] 1 [] []
[2021-11-05 23:49:40.648252] MIX.DEBUG: SQL: 1.73ms SELECT * FROM User_Pool WHERE token = ? ["a1vagoo58pb6u211031111839"] 1 [] []
[2021-11-05 23:49:40.650789] MIX.DEBUG: SQL: 1.34ms SELECT * FROM User_Pool WHERE token = ? ["a1vagoo58pb6u211031111839"] 1 [] []
[2021-11-05 23:49:40.651628] MIX.DEBUG: GET|http://192.168.1.10:8000/api/user/getSyncState?macAddr=30-9C-23-A5-E1-6F&v=win32_x64_2.7.0&token=a1vagoo58pb6u211031111839&?macAddr=30-9C-23-A5-E1-6F&v=win32_x64_2.7.0&token=a1vagoo58pb6u211031111839&|200| [] []
[2021-11-05 23:49:40.677573] MIX.DEBUG: SQL: 1.92ms SELECT * FROM User_Pool WHERE token = ? ["a1vagoo58pb6u211031111839"] 1 [] []
[2021-11-05 23:49:49.648194] MIX.DEBUG: SQL: 1.22ms SELECT * FROM User_Pool WHERE token = ? ["a1vagoo58pb6u211031111839"] 1 [] []
[2021-11-05 23:49:49.650085] MIX.DEBUG: SQL: 1.27ms SELECT * FROM User_Pool WHERE token = ? ["a1vagoo58pb6u211031111839"] 1 [] []
[2021-11-05 23:49:49.650834] MIX.DEBUG: GET|http://192.168.1.10:8000/api/user/getSyncState?macAddr=30-9C-23-A5-E1-6F&v=win32_x64_2.7.0&token=a1vagoo58pb6u211031111839&?macAddr=30-9C-23-A5-E1-6F&v=win32_x64_2.7.0&token=a1vagoo58pb6u211031111839&|200| [] []
[2021-11-05 23:49:49.674717] MIX.DEBUG: SQL: 1.44ms SELECT * FROM User_Pool WHERE token = ? ["a1vagoo58pb6u211031111839"] 1 [] []
[2021-11-05 23:50:09.181364] MIX.DEBUG: SQL: 1.11ms SELECT * FROM User_Pool WHERE token = ? ["a1vagoo58pb6u211031111839"] 1 [] []
[2021-11-05 23:50:09.183314] MIX.DEBUG: SQL: 1.16ms SELECT * FROM User_Pool WHERE token = ? ["a1vagoo58pb6u211031111839"] 1 [] []
[2021-11-05 23:50:09.184128] MIX.DEBUG: GET|http://192.168.1.10:8000/api/user/getSyncState?macAddr=30-9C-23-A5-E1-6F&v=win32_x64_2.7.0&token=a1vagoo58pb6u211031111839&?macAddr=30-9C-23-A5-E1-6F&v=win32_x64_2.7.0&token=a1vagoo58pb6u211031111839&|200| [] []
[2021-11-05 23:50:09.210073] MIX.DEBUG: SQL: 1.42ms SELECT * FROM User_Pool WHERE token = ? ["a1vagoo58pb6u211031111839"] 1 [] []
[2021-11-05 23:50:16.662686] MIX.DEBUG: SQL: 1.65ms SELECT * FROM User_Pool WHERE token = ? ["a1vagoo58pb6u211031111839"] 1 [] []
[2021-11-05 23:50:16.665153] MIX.DEBUG: SQL: 1.88ms SELECT * FROM User_Pool WHERE token = ? ["a1vagoo58pb6u211031111839"] 1 [] []
[2021-11-05 23:50:16.666077] MIX.DEBUG: GET|http://192.168.1.10:8000/api/user/getSyncState?macAddr=30-9C-23-A5-E1-6F&v=win32_x64_2.7.0&token=a1vagoo58pb6u211031111839&?macAddr=30-9C-23-A5-E1-6F&v=win32_x64_2.7.0&token=a1vagoo58pb6u211031111839&|200| [] []
[2021-11-05 23:50:16.689458] MIX.DEBUG: SQL: 1.64ms SELECT * FROM User_Pool WHERE token = ? ["a1vagoo58pb6u211031111839"] 1 [] []
[2021-11-05 23:50:30.007619] MIX.DEBUG: SQL: 2.15ms SELECT * FROM User_Pool WHERE token = ? ["a1vagoo58pb6u211031111839"] 1 [] []
[2021-11-05 23:50:30.009745] MIX.DEBUG: SQL: 1.33ms SELECT * FROM User_Pool WHERE token = ? ["a1vagoo58pb6u211031111839"] 1 [] []
[2021-11-05 23:50:30.010673] MIX.DEBUG: GET|http://192.168.1.10:8000/api/user/getSyncState?macAddr=30-9C-23-A5-E1-6F&v=win32_x64_2.7.0&token=a1vagoo58pb6u211031111839&?macAddr=30-9C-23-A5-E1-6F&v=win32_x64_2.7.0&token=a1vagoo58pb6u211031111839&|200| [] []
[2021-11-05 23:50:30.032111] MIX.DEBUG: SQL: 1.55ms SELECT * FROM User_Pool WHERE token = ? ["a1vagoo58pb6u211031111839"] 1 [] []
[2021-11-05 23:50:35.408180] MIX.DEBUG: SQL: 1.76ms SELECT * FROM User_Pool WHERE token = ? ["a1vagoo58pb6u211031111839"] 1 [] []
[2021-11-05 23:50:35.411494] MIX.DEBUG: SQL: 1.63ms SELECT * FROM User_Pool WHERE token = ? ["a1vagoo58pb6u211031111839"] 1 [] []
[2021-11-05 23:50:35.412377] MIX.DEBUG: GET|http://192.168.1.10:8000/api/user/getSyncState?macAddr=30-9C-23-A5-E1-6F&v=win32_x64_2.7.0&token=a1vagoo58pb6u211031111839&?macAddr=30-9C-23-A5-E1-6F&v=win32_x64_2.7.0&token=a1vagoo58pb6u211031111839&|200| [] []
[2021-11-05 23:50:35.433276] MIX.DEBUG: SQL: 1.44ms SELECT * FROM User_Pool WHERE token = ? ["a1vagoo58pb6u211031111839"] 1 [] []
[2021-11-05 23:51:24.674050] MIX.DEBUG: SQL: 1.88ms SELECT * FROM User_Pool WHERE user = ? ["aaa"] 1 [] []
[2021-11-05 23:51:24.677925] MIX.DEBUG: POST|http://192.168.1.10:8000/api/auth/login?macAddr=30-9C-23-A5-E1-6F&v=win32_x64_2.7.0&token=user1&?macAddr=30-9C-23-A5-E1-6F&v=win32_x64_2.7.0&token=user1&|200| [] []
[2021-11-05 23:51:26.535721] MIX.DEBUG: SQL: 2.07ms SELECT * FROM User_Pool WHERE token = ? ["a1vagoo58pb6u211031111839"] 1 [] []
[2021-11-05 23:51:26.538399] MIX.DEBUG: SQL: 1.57ms SELECT * FROM User_Pool WHERE token = ? ["a1vagoo58pb6u211031111839"] 1 [] []
[2021-11-05 23:51:26.539127] MIX.DEBUG: GET|http://192.168.1.10:8000/api/user/getSyncState?macAddr=30-9C-23-A5-E1-6F&v=win32_x64_2.7.0&token=a1vagoo58pb6u211031111839&?macAddr=30-9C-23-A5-E1-6F&v=win32_x64_2.7.0&token=a1vagoo58pb6u211031111839&|200| [] []
[2021-11-05 23:51:26.562504] MIX.DEBUG: SQL: 1.18ms SELECT * FROM User_Pool WHERE token = ? ["a1vagoo58pb6u211031111839"] 1 [] []
[2021-11-05 23:51:32.309360] MIX.DEBUG: SQL: 2.37ms SELECT * FROM User_Pool WHERE token = ? ["a1vagoo58pb6u211031111839"] 1 [] []
[2021-11-05 23:51:32.311308] MIX.DEBUG: SQL: 1.22ms SELECT * FROM User_Pool WHERE token = ? ["a1vagoo58pb6u211031111839"] 1 [] []
[2021-11-05 23:51:32.312053] MIX.DEBUG: GET|http://192.168.1.10:8000/api/user/getSyncState?macAddr=30-9C-23-A5-E1-6F&v=win32_x64_2.7.0&token=a1vagoo58pb6u211031111839&?macAddr=30-9C-23-A5-E1-6F&v=win32_x64_2.7.0&token=a1vagoo58pb6u211031111839&|200| [] []
[2021-11-05 23:51:32.333431] MIX.DEBUG: SQL: 1.55ms SELECT * FROM User_Pool WHERE token = ? ["a1vagoo58pb6u211031111839"] 1 [] []
[2021-11-05 23:52:09.673262] MIX.DEBUG: SQL: 1.39ms SELECT * FROM User_Pool WHERE token = ? ["a1vagoo58pb6u211031111839"] 1 [] []
[2021-11-05 23:52:09.675539] MIX.DEBUG: SQL: 1.6ms SELECT * FROM User_Pool WHERE token = ? ["a1vagoo58pb6u211031111839"] 1 [] []
[2021-11-05 23:52:09.676269] MIX.DEBUG: GET|http://192.168.1.10:8000/api/user/getSyncState?macAddr=30-9C-23-A5-E1-6F&v=win32_x64_2.7.0&token=a1vagoo58pb6u211031111839&?macAddr=30-9C-23-A5-E1-6F&v=win32_x64_2.7.0&token=a1vagoo58pb6u211031111839&|200| [] []
[2021-11-05 23:52:09.704861] MIX.DEBUG: SQL: 2.31ms SELECT * FROM User_Pool WHERE token = ? ["a1vagoo58pb6u211031111839"] 1 [] []
[2021-11-05 23:52:18.665544] MIX.DEBUG: SQL: 1.29ms SELECT * FROM User_Pool WHERE token = ? ["a1vagoo58pb6u211031111839"] 1 [] []
[2021-11-05 23:52:18.667817] MIX.DEBUG: SQL: 1.29ms SELECT * FROM User_Pool WHERE token = ? ["a1vagoo58pb6u211031111839"] 1 [] []
[2021-11-05 23:52:18.668715] MIX.DEBUG: GET|http://192.168.1.10:8000/api/user/getSyncState?macAddr=30-9C-23-A5-E1-6F&v=win32_x64_2.7.0&token=a1vagoo58pb6u211031111839&?macAddr=30-9C-23-A5-E1-6F&v=win32_x64_2.7.0&token=a1vagoo58pb6u211031111839&|200| [] []
[2021-11-05 23:52:18.691770] MIX.DEBUG: SQL: 1.46ms SELECT * FROM User_Pool WHERE token = ? ["a1vagoo58pb6u211031111839"] 1 [] []
[2021-11-05 23:52:33.684684] MIX.DEBUG: SQL: 2.12ms SELECT * FROM User_Pool WHERE token = ? ["a1vagoo58pb6u211031111839"] 1 [] []
[2021-11-05 23:52:33.686965] MIX.DEBUG: SQL: 1.31ms SELECT * FROM User_Pool WHERE token = ? ["a1vagoo58pb6u211031111839"] 1 [] []
[2021-11-05 23:52:33.687886] MIX.DEBUG: GET|http://192.168.1.10:8000/api/user/getSyncState?macAddr=30-9C-23-A5-E1-6F&v=win32_x64_2.7.0&token=a1vagoo58pb6u211031111839&?macAddr=30-9C-23-A5-E1-6F&v=win32_x64_2.7.0&token=a1vagoo58pb6u211031111839&|200| [] []
[2021-11-05 23:52:33.712237] MIX.DEBUG: SQL: 1.96ms SELECT * FROM User_Pool WHERE token = ? ["a1vagoo58pb6u211031111839"] 1 [] []
[2021-11-05 23:52:40.655034] MIX.DEBUG: SQL: 2.13ms SELECT * FROM User_Pool WHERE token = ? ["a1vagoo58pb6u211031111839"] 1 [] []
[2021-11-05 23:52:40.657927] MIX.DEBUG: SQL: 1.35ms SELECT * FROM User_Pool WHERE token = ? ["a1vagoo58pb6u211031111839"] 1 [] []
[2021-11-05 23:52:40.658703] MIX.DEBUG: GET|http://192.168.1.10:8000/api/user/getSyncState?macAddr=30-9C-23-A5-E1-6F&v=win32_x64_2.7.0&token=a1vagoo58pb6u211031111839&?macAddr=30-9C-23-A5-E1-6F&v=win32_x64_2.7.0&token=a1vagoo58pb6u211031111839&|200| [] []
[2021-11-05 23:52:40.683552] MIX.DEBUG: SQL: 1.91ms SELECT * FROM User_Pool WHERE token = ? ["a1vagoo58pb6u211031111839"] 1 [] []
[2021-11-05 23:52:46.194054] MIX.DEBUG: SQL: 2.08ms SELECT * FROM User_Pool WHERE token = ? ["a1vagoo58pb6u211031111839"] 1 [] []
[2021-11-05 23:52:46.196368] MIX.DEBUG: SQL: 1.45ms SELECT * FROM User_Pool WHERE token = ? ["a1vagoo58pb6u211031111839"] 1 [] []
[2021-11-05 23:52:46.197380] MIX.DEBUG: GET|http://192.168.1.10:8000/api/user/getSyncState?macAddr=30-9C-23-A5-E1-6F&v=win32_x64_2.7.0&token=a1vagoo58pb6u211031111839&?macAddr=30-9C-23-A5-E1-6F&v=win32_x64_2.7.0&token=a1vagoo58pb6u211031111839&|200| [] []
[2021-11-05 23:52:46.218130] MIX.DEBUG: SQL: 1.95ms SELECT * FROM User_Pool WHERE token = ? ["a1vagoo58pb6u211031111839"] 1 [] []
[2021-11-05 23:52:51.662239] MIX.DEBUG: SQL: 1.94ms SELECT * FROM User_Pool WHERE token = ? ["a1vagoo58pb6u211031111839"] 1 [] []
[2021-11-05 23:52:51.664573] MIX.DEBUG: SQL: 1.25ms SELECT * FROM User_Pool WHERE token = ? ["a1vagoo58pb6u211031111839"] 1 [] []
[2021-11-05 23:52:51.665785] MIX.DEBUG: GET|http://192.168.1.10:8000/api/user/getSyncState?macAddr=30-9C-23-A5-E1-6F&v=win32_x64_2.7.0&token=a1vagoo58pb6u211031111839&?macAddr=30-9C-23-A5-E1-6F&v=win32_x64_2.7.0&token=a1vagoo58pb6u211031111839&|200| [] []
[2021-11-05 23:52:51.687531] MIX.DEBUG: SQL: 1.52ms SELECT * FROM User_Pool WHERE token = ? ["a1vagoo58pb6u211031111839"] 1 [] []
